<?xml version="1.0" encoding="UTF-8"?>
<!-- Generated by org.testng.reporters.JUnitReportReporter -->
<testsuite hostname="Nehas-MacBook-Air.local" failures="0" tests="1" name="Runner.Runner" time="30.864" errors="0" timestamp="2022-10-15T17:24:55 IST" skipped="0">
  <testcase classname="Runner.Runner" name="runScenario" time="30.864"/>
  <system-out/>
</testsuite> <!-- Runner.Runner -->
